0 info it worked if it ends with ok
1 verbose cli [ 'C:\\Program Files\\nodejs\\node.exe',
1 verbose cli   'C:\\Program Files\\nodejs\\node_modules\\npm\\bin\\npm-cli.js',
1 verbose cli   'start' ]
2 info using npm@3.6.0
3 info using node@v5.7.1
4 verbose run-script [ 'prestart', 'start', 'poststart' ]
5 info lifecycle codelab@1.0.0~prestart: codelab@1.0.0
6 silly lifecycle codelab@1.0.0~prestart: no script for prestart, continuing
7 info lifecycle codelab@1.0.0~start: codelab@1.0.0
8 verbose lifecycle codelab@1.0.0~start: unsafe-perm in lifecycle true
9 verbose lifecycle codelab@1.0.0~start: PATH: C:\Program Files\nodejs\node_modules\npm\bin\node-gyp-bin;C:\Users\Minjun Kim\Desktop\workspace\react-codelab-memopad\node_modules\.bin;C:\cmder\bin;C:\cmder\vendor\msysgit\bin;C:\cmder\vendor\msysgit\mingw\bin;C:\cmder\vendor\msysgit\cmd;C:\cmder\vendor\msysgit\share\vim\vim74;C:\cmder;C:\cmder\vendor\conemu-maximus5\ConEmu;C:\cmder\vendor\conemu-maximus5;C:\ProgramData\Oracle\Java\javapath;C:\Program Files (x86)\NVIDIA Corporation\PhysX\Common;C:\Program Files (x86)\Intel\iCLS Client\;C:\Program Files\Intel\iCLS Client\;C:\WINDOWS\system32;C:\WINDOWS;C:\WINDOWS\System32\Wbem;C:\WINDOWS\System32\WindowsPowerShell\v1.0\;C:\Program Files\Condusiv Technologies\ExpressCache\;C:\Program Files\Intel\Intel(R) Management Engine Components\DAL;C:\Program Files\Intel\Intel(R) Management Engine Components\IPT;C:\Program Files (x86)\Intel\Intel(R) Management Engine Components\DAL;C:\Program Files (x86)\Intel\Intel(R) Management Engine Components\IPT;C:\Program Files (x86)\Git\cmd;C:\Program Files (x86)\Git\bin;C:\Program Files\Google\Cloud SDK\google-cloud-sdk\bin;C:\Program Files\ibm\gsk8\lib64;C:\Program Files (x86)\ibm\gsk8\lib;C:\PROGRA~1\IBM\SQLLIB\BIN;C:\PROGRA~1\IBM\SQLLIB\FUNCTION;C:\PROGRA~1\IBM\SQLLIB\SAMPLES\REPL;C:\Program Files (x86)\Heroku\bin;C:\Program Files (x86)\git\cmd;C:\Program Files (x86)\Skype\Phone\;C:\WINDOWS\system32\config\systemprofile\.dnx\bin;C:\Program Files\Microsoft DNX\Dnvm\;C:\Program Files (x86)\Windows Kits\10\Windows Performance Toolkit\;C:\Program Files\Git\cmd;C:\Program Files\Microsoft SQL Server\110\Tools\Binn\;C:\Program Files (x86)\Microsoft SDKs\TypeScript\1.0\;C:\Program Files\nodejs\;C:\Users\Minjun Kim\AppData\Local\Android\sdk\tools;C:\Users\Minjun Kim\AppData\Local\Android\sdk\platform-tools;D:\hackathon\apache-ant-1.9.4-bin\apache-ant-1.9.4\bin;C:\Program Files\Java\jdk1.7.0_75\bin;C:\Program Files\MongoDB\Server\3.2\bin;C:\Users\Minjun Kim\AppData\Local\atom\bin;C:\Python27;C:\Program Files (x86)\Microsoft VS Code\bin;C:\Users\Minjun Kim\AppData\Local\atom\app-1.5.4\resources\app\apm;C:\Users\Minjun Kim\AppData\Roaming\npm
10 verbose lifecycle codelab@1.0.0~start: CWD: C:\Users\Minjun Kim\Desktop\workspace\react-codelab-memopad
11 silly lifecycle codelab@1.0.0~start: Args: [ '/d /s /c', 'NODE_ENV=production node ./build/main.js' ]
12 silly lifecycle codelab@1.0.0~start: Returned: code: 1  signal: null
13 info lifecycle codelab@1.0.0~start: Failed to exec start script
14 verbose stack Error: codelab@1.0.0 start: `NODE_ENV=production node ./build/main.js`
14 verbose stack Exit status 1
14 verbose stack     at EventEmitter.<anonymous> (C:\Program Files\nodejs\node_modules\npm\lib\utils\lifecycle.js:232:16)
14 verbose stack     at emitTwo (events.js:100:13)
14 verbose stack     at EventEmitter.emit (events.js:185:7)
14 verbose stack     at ChildProcess.<anonymous> (C:\Program Files\nodejs\node_modules\npm\lib\utils\spawn.js:24:14)
14 verbose stack     at emitTwo (events.js:100:13)
14 verbose stack     at ChildProcess.emit (events.js:185:7)
14 verbose stack     at maybeClose (internal/child_process.js:827:16)
14 verbose stack     at Process.ChildProcess._handle.onexit (internal/child_process.js:211:5)
15 verbose pkgid codelab@1.0.0
16 verbose cwd C:\Users\Minjun Kim\Desktop\workspace\react-codelab-memopad
17 error Windows_NT 10.0.10586
18 error argv "C:\\Program Files\\nodejs\\node.exe" "C:\\Program Files\\nodejs\\node_modules\\npm\\bin\\npm-cli.js" "start"
19 error node v5.7.1
20 error npm  v3.6.0
21 error code ELIFECYCLE
22 error codelab@1.0.0 start: `NODE_ENV=production node ./build/main.js`
22 error Exit status 1
23 error Failed at the codelab@1.0.0 start script 'NODE_ENV=production node ./build/main.js'.
23 error Make sure you have the latest version of node.js and npm installed.
23 error If you do, this is most likely a problem with the codelab package,
23 error not with npm itself.
23 error Tell the author that this fails on your system:
23 error     NODE_ENV=production node ./build/main.js
23 error You can get information on how to open an issue for this project with:
23 error     npm bugs codelab
23 error Or if that isn't available, you can get their info via:
23 error     npm owner ls codelab
23 error There is likely additional logging output above.
24 verbose exit [ 1, true ]
